use 
set names 
use 
set names 
insert into test(t1,t2) values('','')
use 
set names 
insert into test(t1,t2) values('tttt1','ttt2')
use boolshop
set names utf8
insert into test(t1,t2) values('tttt1','ttt2')
use boolshop
set names utf8
insert into test(t1,t2) values('ttttone\"','ttt2\'')
use boolshop
set names utf8
use boolshop
set names utf8
use boolshop
set names utf8
insert into test (t1,t2) values ('tsssne\"','ttt2\'')
use boolshop
set names utf8
use boolshop
set names utf8
use boolshop
set names utf8
insert into test (t1,t2) values ('adminuser','adminuser')
use boolshop
set names utf8
insert into test (0,1) values ('frontuser','frontuser')
use boolshop
set names utf8
insert into test (t1,t2) values ('frontuser','frontuser')
use boolshop
set names utf8
insert into  (t1,t2) values ('frontuser','frontuser')
use boolshop
set names utf8
insert into test (t1,t2) values ('frontuser','frontuser')
use boolshop
set names utf8
select * from test
use boolshop
set names utf8
select * from test
use boolshop
set names utf8
select * from test
use boolshop
set names utf8
select * from test
use boolshop
set names utf8
select * from test
use boolshop
set names utf8
select * from test
use boolshop
set names utf8
select * from test
use boolshop
set names utf8
select * from test
use boolshop
set names utf8
select * from test
use boolshop
set names utf8
insert into test (t1,t2) values ('frontuser','frontuser')
use boolshop
set names utf8
use boolshop
set names utf8
insert into cate (catename,intro) values ('aaaa','introintor')
use boolshop
set names utf8
insert into cate (catename,intro) values ('bbbb','dsfadsafdsafd')
use boolshop
set names utf8
insert into category (cat_name,parent_id,intro) values ('男士正装','0','工')
use boolshop
set names utf8
insert into category (cat_name,parent_id,intro) values ('女士正装','0','女')
use boolshop
set names utf8
select cat_id,cat_name,intro from category
use boolshop
set names utf8
select cat_id,cat_name,intro from category
use boolshop
set names utf8
select cat_id,cat_name,intro from category
use boolshop
set names utf8
select cat_id,cat_name,intro from category
use boolshop
set names utf8
select cat_id,cat_name,intro from category
use boolshop
set names utf8
insert into category (cat_name,parent_id,intro) values ('男士商务','1','商务')
use boolshop
set names utf8
insert into category (cat_name,parent_id,intro) values ('女士商务','2','商务')
use boolshop
set names utf8
select cat_id,cat_name,intro from category
use boolshop
set names utf8
select cat_id,cat_name,intro from category
use boolshop
set names utf8
select cat_id,cat_name,intro from category
use boolshop
set names utf8
select cat_id,cat_name,parnet_id from category
use boolshop
set names utf8
select cat_id,cat_name,parent_id from category
use boolshop
set names utf8
select cat_id,cat_name,parent_id from category
use boolshop
set names utf8
select cat_id,cat_name,parent_id from category
use boolshop
set names utf8
select cat_id,cat_name,parent_id from category
use boolshop
set names utf8
select cat_id,cat_name,parent_id from category
use boolshop
set names utf8
select cat_id,cat_name,parent_id from category
use boolshop
set names utf8
select cat_id,cat_name,parent_id from category
use boolshop
set names utf8
select cat_id,cat_name,parent_id from category
use boolshop
set names utf8
select cat_id,cat_name,parent_id from category
use boolshop
set names utf8
select cat_id,cat_name,parent_id from category
use boolshop
set names utf8
select cat_id,cat_name,parent_id from category
use boolshop
set names utf8
select cat_id,cat_name,parent_id from category
use boolshop
set names utf8
select cat_id,cat_name,parent_id from category
use boolshop
set names utf8
select cat_id,cat_name,parent_id from category
use boolshop
set names utf8
select cat_id,cat_name,parent_id from category
use boolshop
set names utf8
delete from category where cat_id=4
use boolshop
set names utf8
delete from category where cat_id=4
use boolshop
set names utf8
select cat_id,cat_name,parent_id from category
use boolshop
set names utf8
delete from category where cat_id=2
use boolshop
set names utf8
delete from category where cat_id=3
use boolshop
set names utf8
select cat_id,cat_name,parent_id from category
use boolshop
set names utf8
select cat_id,cat_name,parent_id from category
use boolshop
set names utf8
delete from category where cat_id=1
use boolshop
set names utf8
select cat_id,cat_name,parent_id from category
use boolshop
set names utf8
select cat_id,cat_name,parent_id from category
use boolshop
set names utf8
select cat_id,cat_name,parent_id from category
use boolshop
set names utf8
insert into category (cat_name,parent_id,intro) values ('男士正装','0','ssss')
use boolshop
set names utf8
select cat_id,cat_name,parent_id from category
use boolshop
set names utf8
insert into category (cat_name,parent_id,intro) values ('男士商务','5','ssssdsafdsaf')
use boolshop
set names utf8
select cat_id,cat_name,parent_id from category
use boolshop
set names utf8
insert into category (cat_name,parent_id,intro) values ('休闲装','0','ssssdsafdsaf')
use boolshop
set names utf8
select cat_id,cat_name,parent_id from category
use boolshop
set names utf8
insert into category (cat_name,parent_id,intro) values ('儿单休闲','7','ssssdsafdsaf')
use boolshop
set names utf8
select cat_id,cat_name,parent_id from category
use boolshop
set names utf8
select cat_id,cat_name,parent_id from category
use boolshop
set names utf8
select cat_id,cat_name,parent_id from category
use boolshop
set names utf8
select * from category where cat_id=8
use boolshop
set names utf8
select * from category where cat_id=8
use boolshop
set names utf8
select * from category where cat_id=8
use boolshop
set names utf8
select * from category where cat_id=8
use boolshop
set names utf8
select * from category where cat_id=8
use boolshop
set names utf8
select * from category where cat_id=8
use boolshop
set names utf8
select * from category where cat_id=8
use boolshop
set names utf8
select * from category where cat_id=8
select cat_id,cat_name,parent_id from category
use boolshop
set names utf8
select * from category where cat_id=8
select cat_id,cat_name,parent_id from category
use boolshop
set names utf8
select * from category where cat_id=8
select cat_id,cat_name,parent_id from category
use boolshop
set names utf8
select * from category where cat_id=8
select cat_id,cat_name,parent_id from category
use boolshop
set names utf8
select * from category where cat_id=8
select cat_id,cat_name,parent_id from category
use boolshop
set names utf8
select * from category where cat_id=8
select cat_id,cat_name,parent_id from category
use boolshop
set names utf8
select * from category where cat_id=8
select cat_id,cat_name,parent_id from category
use boolshop
set names utf8
select * from category where cat_id=8
select cat_id,cat_name,parent_id from category
use boolshop
set names utf8
select * from category where cat_id=8
select cat_id,cat_name,parent_id from category
use boolshop
set names utf8
update category set cat_name='儿童休闲',parent_id='7',intro='儿童儿童儿童儿童儿童'where cat_id=8
use boolshop
set names utf8
update category set cat_name='儿童休闲',parent_id='7',intro='儿童儿童儿童儿童儿童'where cat_id=8
use boolshop
set names utf8
update category set cat_name='儿童休闲',parent_id='7',intro='儿童儿童儿童儿童儿童' where cat_id=8
use boolshop
set names utf8
select * from category where cat_id=8
select cat_id,cat_name,parent_id from category
use boolshop
set names utf8
update category set cat_name='儿童休闲',parent_id='7',intro='械  械  械  械  ' where cat_id=8
use boolshop
set names utf8
select * from category where cat_id=8
select cat_id,cat_name,parent_id from category
use boolshop
set names utf8
select * from category where cat_id=8
select cat_id,cat_name,parent_id from category
use boolshop
set names utf8
select cat_id,cat_name,parent_id from category
use boolshop
set names utf8
select * from category where cat_id=8
select cat_id,cat_name,parent_id from category
use boolshop
set names utf8
select * from category where cat_id=7
select cat_id,cat_name,parent_id from category
use boolshop
set names utf8
update category set cat_name='休闲装',parent_id='8',intro='ssssdsafdsaf' where cat_id=7
use boolshop
set names utf8
select cat_id,cat_name,parent_id from category
use boolshop
set names utf8
delete from category where cat_id=5
use boolshop
set names utf8
select cat_id,cat_name,parent_id from category
use boolshop
set names utf8
select cat_id,cat_name,parent_id from category
use boolshop
set names utf8
select cat_id,cat_name,parent_id from category
use boolshop
set names utf8
select cat_id,cat_name,parent_id from category
use boolshop
set names utf8
select cat_id,cat_name,parent_id from category
use boolshop
set names utf8
select cat_id,cat_name,parent_id from category
use boolshop
set names utf8
select cat_id,cat_name,parent_id from category
use boolshop
set names utf8
select cat_id,cat_name,parent_id from category
use boolshop
set names utf8
select cat_id,cat_name,parent_id from category
use boolshop
set names utf8
select cat_id,cat_name,parent_id from category
use boolshop
set names utf8
select cat_id,cat_name,parent_id from category
use boolshop
set names utf8
select cat_id,cat_name,parent_id from category
use boolshop
set names utf8
select cat_id,cat_name,parent_id from category
use boolshop
set names utf8
insert into category (cat_name,parent_id,intro) values ('第一','0','第一个分类')
use boolshop
set names utf8
select cat_id,cat_name,parent_id from category
use boolshop
set names utf8
select cat_id,cat_name,parent_id from category
use boolshop
set names utf8
select cat_id,cat_name,parent_id from category
use boolshop
set names utf8
select cat_id,cat_name,parent_id from category
use boolshop
set names utf8
select cat_id,cat_name,parent_id from category
use boolshop
set names utf8
insert into category (cat_name,parent_id,intro) values ('第一的子分类','1','第一的子分类简介')
use boolshop
set names utf8
select cat_id,cat_name,parent_id from category
use boolshop
set names utf8
select cat_id,cat_name,parent_id from category
use boolshop
set names utf8
select cat_id,cat_name,parent_id from category
use boolshop
set names utf8
select cat_id,cat_name,parent_id from category
use boolshop
set names utf8
select cat_id,cat_name,parent_id from category
use boolshop
set names utf8
select cat_id,cat_name,parent_id from category
use boolshop
set names utf8
select cat_id,cat_name,parent_id from category
use boolshop
set names utf8
select cat_id,cat_name,parent_id from category
use boolshop
set names utf8
select cat_id,cat_name,parent_id from category
use boolshop
set names utf8
select cat_id,cat_name,parent_id from category
use boolshop
set names utf8
select cat_id,cat_name,parent_id from category
use boolshop
set names utf8
select cat_id,cat_name,parent_id from category
use boolshop
set names utf8
select cat_id,cat_name,parent_id from category
use boolshop
set names utf8
select cat_id,cat_name,parent_id from category
use boolshop
set names utf8
select cat_id,cat_name,parent_id from category
use boolshop
set names utf8
select cat_id,cat_name,parent_id from category
use boolshop
set names utf8
select cat_id,cat_name,parent_id from category
use boolshop
set names utf8
select cat_id,cat_name,parent_id from category
use boolshop
set names utf8
select cat_id,cat_name,parent_id from category
use boolshop
set names utf8
select cat_id,cat_name,parent_id from category
use boolshop
set names utf8
select cat_id,cat_name,parent_id from category
use boolshop
set names utf8
select cat_id,cat_name,parent_id from category
use boolshop
set names utf8
select cat_id,cat_name,parent_id from category
use boolshop
set names utf8
select cat_id,cat_name,parent_id from category
use boolshop
set names utf8
select cat_id,cat_name,parent_id from category
use boolshop
set names utf8
select cat_id,cat_name,parent_id from category
use boolshop
set names utf8
select cat_id,cat_name,parent_id from category
use boolshop
set names utf8
select cat_id,cat_name,parent_id from category
use boolshop
set names utf8
select cat_id,cat_name,parent_id from category
use boolshop
set names utf8
select cat_id,cat_name,parent_id from category
use boolshop
set names utf8
select cat_id,cat_name,parent_id from category
use boolshop
set names utf8
select cat_id,cat_name,parent_id from category
use boolshop
set names utf8
select cat_id,cat_name,parent_id from category
use boolshop
set names utf8
select cat_id,cat_name,parent_id from category
use boolshop
set names utf8
select cat_id,cat_name,parent_id from category
use boolshop
set names utf8
select * from category where cat_id=6
select cat_id,cat_name,parent_id from category
use boolshop
set names utf8
select * from category where cat_id=5
select cat_id,cat_name,parent_id from category
use boolshop
set names utf8
select * from category where cat_id=4
select cat_id,cat_name,parent_id from category
use boolshop
set names utf8
select cat_id,cat_name,parent_id from category
use boolshop
set names utf8
select cat_id,cat_name,parent_id from category
use boolshop
set names utf8
select cat_id,cat_name,parent_id from category
use boolshop
set names utf8
select cat_id,cat_name,parent_id from category
use boolshop
set names utf8
select cat_id,cat_name,parent_id from category
use boolshop
set names utf8
select cat_id,cat_name,parent_id from category
use boolshop
set names utf8
select cat_id,cat_name,parent_id from category
use boolshop
set names utf8
select cat_id,cat_name,parent_id from category
use boolshop
set names utf8
select cat_id,cat_name,parent_id from category
use boolshop
set names utf8
select cat_id,cat_name,parent_id from category
use boolshop
set names utf8
select cat_id,cat_name,parent_id from category
use boolshop
set names utf8
select cat_id,cat_name,parent_id from category
use boolshop
set names utf8
select cat_id,cat_name,parent_id from category
use boolshop
set names utf8
select cat_id,cat_name,parent_id from category
use boolshop
set names utf8
select cat_id,cat_name,parent_id from category
use boolshop
set names utf8
select cat_id,cat_name,parent_id from category
use boolshop
set names utf8
select cat_id,cat_name,parent_id from category
use boolshop
set names utf8
select cat_id,cat_name,parent_id from category
use boolshop
set names utf8
select cat_id,cat_name,parent_id from category
use boolshop
set names utf8
select cat_id,cat_name,parent_id from category
use boolshop
set names utf8
select cat_id,cat_name,parent_id from category
use boolshop
set names utf8
select cat_id,cat_name,parent_id from category
