use 
set names 
use 
set names 
insert into test(t1,t2) values('','')
use 
set names 
insert into test(t1,t2) values('tttt1','ttt2')
use boolshop
set names utf8
insert into test(t1,t2) values('tttt1','ttt2')
use boolshop
set names utf8
insert into test(t1,t2) values('ttttone\"','ttt2\'')
use boolshop
set names utf8
use boolshop
set names utf8
use boolshop
set names utf8
insert into test (t1,t2) values ('tsssne\"','ttt2\'')
use boolshop
set names utf8
use boolshop
set names utf8
use boolshop
set names utf8
insert into test (t1,t2) values ('adminuser','adminuser')
use boolshop
set names utf8
insert into test (0,1) values ('frontuser','frontuser')
use boolshop
set names utf8
insert into test (t1,t2) values ('frontuser','frontuser')
use boolshop
set names utf8
insert into  (t1,t2) values ('frontuser','frontuser')
use boolshop
set names utf8
insert into test (t1,t2) values ('frontuser','frontuser')
use boolshop
set names utf8
select * from test
use boolshop
set names utf8
select * from test
use boolshop
set names utf8
select * from test
use boolshop
set names utf8
select * from test
use boolshop
set names utf8
select * from test
use boolshop
set names utf8
select * from test
use boolshop
set names utf8
select * from test
use boolshop
set names utf8
select * from test
use boolshop
set names utf8
select * from test
use boolshop
set names utf8
insert into test (t1,t2) values ('frontuser','frontuser')
use boolshop
set names utf8
use boolshop
set names utf8
insert into cate (catename,intro) values ('aaaa','introintor')
use boolshop
set names utf8
insert into cate (catename,intro) values ('bbbb','dsfadsafdsafd')
use boolshop
set names utf8
insert into category (cat_name,parent_id,intro) values ('男士正装','0','工')
use boolshop
set names utf8
insert into category (cat_name,parent_id,intro) values ('女士正装','0','女')
use boolshop
set names utf8
select cat_id,cat_name,intro from category
use boolshop
set names utf8
select cat_id,cat_name,intro from category
use boolshop
set names utf8
select cat_id,cat_name,intro from category
use boolshop
set names utf8
select cat_id,cat_name,intro from category
use boolshop
set names utf8
select cat_id,cat_name,intro from category
use boolshop
set names utf8
insert into category (cat_name,parent_id,intro) values ('男士商务','1','商务')
use boolshop
set names utf8
insert into category (cat_name,parent_id,intro) values ('女士商务','2','商务')
use boolshop
set names utf8
select cat_id,cat_name,intro from category
use boolshop
set names utf8
select cat_id,cat_name,intro from category
use boolshop
set names utf8
select cat_id,cat_name,intro from category
use boolshop
set names utf8
select cat_id,cat_name,parnet_id from category
use boolshop
set names utf8
select cat_id,cat_name,parent_id from category
use boolshop
set names utf8
select cat_id,cat_name,parent_id from category
use boolshop
set names utf8
select cat_id,cat_name,parent_id from category
use boolshop
set names utf8
select cat_id,cat_name,parent_id from category
use boolshop
set names utf8
select cat_id,cat_name,parent_id from category
use boolshop
set names utf8
select cat_id,cat_name,parent_id from category
use boolshop
set names utf8
select cat_id,cat_name,parent_id from category
use boolshop
set names utf8
select cat_id,cat_name,parent_id from category
use boolshop
set names utf8
select cat_id,cat_name,parent_id from category
use boolshop
set names utf8
select cat_id,cat_name,parent_id from category
use boolshop
set names utf8
select cat_id,cat_name,parent_id from category
use boolshop
set names utf8
select cat_id,cat_name,parent_id from category
use boolshop
set names utf8
select cat_id,cat_name,parent_id from category
use boolshop
set names utf8
select cat_id,cat_name,parent_id from category
use boolshop
set names utf8
select cat_id,cat_name,parent_id from category
use boolshop
set names utf8
delete from category where cat_id=4
use boolshop
set names utf8
delete from category where cat_id=4
use boolshop
set names utf8
select cat_id,cat_name,parent_id from category
use boolshop
set names utf8
delete from category where cat_id=2
use boolshop
set names utf8
delete from category where cat_id=3
use boolshop
set names utf8
select cat_id,cat_name,parent_id from category
use boolshop
set names utf8
select cat_id,cat_name,parent_id from category
use boolshop
set names utf8
delete from category where cat_id=1
use boolshop
set names utf8
select cat_id,cat_name,parent_id from category
use boolshop
set names utf8
select cat_id,cat_name,parent_id from category
use boolshop
set names utf8
select cat_id,cat_name,parent_id from category
use boolshop
set names utf8
insert into category (cat_name,parent_id,intro) values ('男士正装','0','ssss')
use boolshop
set names utf8
select cat_id,cat_name,parent_id from category
use boolshop
set names utf8
insert into category (cat_name,parent_id,intro) values ('男士商务','5','ssssdsafdsaf')
use boolshop
set names utf8
select cat_id,cat_name,parent_id from category
use boolshop
set names utf8
insert into category (cat_name,parent_id,intro) values ('休闲装','0','ssssdsafdsaf')
use boolshop
set names utf8
select cat_id,cat_name,parent_id from category
use boolshop
set names utf8
insert into category (cat_name,parent_id,intro) values ('儿单休闲','7','ssssdsafdsaf')
use boolshop
set names utf8
select cat_id,cat_name,parent_id from category
use boolshop
set names utf8
select cat_id,cat_name,parent_id from category
use boolshop
set names utf8
select cat_id,cat_name,parent_id from category
use boolshop
set names utf8
select * from category where cat_id=8
use boolshop
set names utf8
select * from category where cat_id=8
use boolshop
set names utf8
select * from category where cat_id=8
use boolshop
set names utf8
select * from category where cat_id=8
use boolshop
set names utf8
select * from category where cat_id=8
use boolshop
set names utf8
select * from category where cat_id=8
use boolshop
set names utf8
select * from category where cat_id=8
use boolshop
set names utf8
select * from category where cat_id=8
select cat_id,cat_name,parent_id from category
use boolshop
set names utf8
select * from category where cat_id=8
select cat_id,cat_name,parent_id from category
use boolshop
set names utf8
select * from category where cat_id=8
select cat_id,cat_name,parent_id from category
use boolshop
set names utf8
select * from category where cat_id=8
select cat_id,cat_name,parent_id from category
use boolshop
set names utf8
select * from category where cat_id=8
select cat_id,cat_name,parent_id from category
use boolshop
set names utf8
select * from category where cat_id=8
select cat_id,cat_name,parent_id from category
use boolshop
set names utf8
select * from category where cat_id=8
select cat_id,cat_name,parent_id from category
use boolshop
set names utf8
select * from category where cat_id=8
select cat_id,cat_name,parent_id from category
use boolshop
set names utf8
select * from category where cat_id=8
select cat_id,cat_name,parent_id from category
use boolshop
set names utf8
update category set cat_name='儿童休闲',parent_id='7',intro='儿童儿童儿童儿童儿童'where cat_id=8
use boolshop
set names utf8
update category set cat_name='儿童休闲',parent_id='7',intro='儿童儿童儿童儿童儿童'where cat_id=8
use boolshop
set names utf8
update category set cat_name='儿童休闲',parent_id='7',intro='儿童儿童儿童儿童儿童' where cat_id=8
use boolshop
set names utf8
select * from category where cat_id=8
select cat_id,cat_name,parent_id from category
use boolshop
set names utf8
update category set cat_name='儿童休闲',parent_id='7',intro='械  械  械  械  ' where cat_id=8
use boolshop
set names utf8
select * from category where cat_id=8
select cat_id,cat_name,parent_id from category
use boolshop
set names utf8
select * from category where cat_id=8
select cat_id,cat_name,parent_id from category
use boolshop
set names utf8
select cat_id,cat_name,parent_id from category
use boolshop
set names utf8
select * from category where cat_id=8
select cat_id,cat_name,parent_id from category
use boolshop
set names utf8
select * from category where cat_id=7
select cat_id,cat_name,parent_id from category
use boolshop
set names utf8
update category set cat_name='休闲装',parent_id='8',intro='ssssdsafdsaf' where cat_id=7
use boolshop
set names utf8
select cat_id,cat_name,parent_id from category
use boolshop
set names utf8
delete from category where cat_id=5
use boolshop
set names utf8
select cat_id,cat_name,parent_id from category
use boolshop
set names utf8
select cat_id,cat_name,parent_id from category
use boolshop
set names utf8
select cat_id,cat_name,parent_id from category
use boolshop
set names utf8
insert into category (cat_name,parent_id,intro) values ('正装','0','这是正装')
use boolshop
set names utf8
select cat_id,cat_name,parent_id from category
use boolshop
set names utf8
insert into category (cat_name,parent_id,intro) values ('男士正装','1','这是男士 正装')
use boolshop
set names utf8
insert into category (cat_name,parent_id,intro) values ('女士正装','1','这是女士 正装')
use boolshop
set names utf8
select cat_id,cat_name,parent_id from category
use boolshop
set names utf8
insert into category (cat_name,parent_id,intro) values ('休闲装','0','休闲装')
use boolshop
set names utf8
select cat_id,cat_name,parent_id from category
use boolshop
set names utf8
insert into category (cat_name,parent_id,intro) values ('商务休闲','4','商务休闲装')
use boolshop
set names utf8
select cat_id,cat_name,parent_id from category
use boolshop
set names utf8
select cat_id,cat_name,parent_id from category
use boolshop
set names utf8
select cat_id,cat_name,parent_id from category where parent_id=4
use boolshop
set names utf8
select * from category where cat_id=4
select cat_id,cat_name,parent_id from category
use boolshop
set names utf8
select cat_id,cat_name,parent_id from category
use boolshop
set names utf8
select cat_id,cat_name,parent_id from category
use boolshop
set names utf8
select * from category where cat_id=4
select cat_id,cat_name,parent_id from category
use boolshop
set names utf8
select cat_id,cat_name,parent_id from category
use boolshop
set names utf8
select cat_id,cat_name,parent_id from category
use boolshop
set names utf8
select cat_id,cat_name,parent_id from category
use boolshop
set names utf8
select cat_id,cat_name,parent_id from category
use boolshop
set names utf8
select cat_id,cat_name,parent_id from category
use boolshop
set names utf8
select cat_id,cat_name,parent_id from category
use boolshop
set names utf8
select cat_id,cat_name,parent_id from category
use boolshop
set names utf8
goods
use boolshop
set names utf8
use boolshop
set names utf8
insert into goods (goods_name,goods_sn,cat_id,shop_price,market_price,goods_desc,goods_weight,is_best,is_new,is_hot,is_on_sale,keywords,goods_brief,add_time) values ('宫保鸡丁盖饭','sssss','6','1999','2999','','0','0','0','0','1','','','1354111250')
use boolshop
set names utf8
insert into goods (goods_name,goods_sn,cat_id,shop_price,market_price,goods_desc,goods_weight,is_best,is_new,is_hot,is_on_sale,goods_brief,add_time) values ('宫保鸡丁盖饭','sssss','6','1999','2999','','0','0','0','0','1','','1354111388')
use boolshop
set names utf8
select cat_id,cat_name,parent_id from category
use boolshop
set names utf8
select cat_id,cat_name,parent_id from category
use boolshop
set names utf8
select cat_id,cat_name,parent_id from category
use boolshop
set names utf8
select cat_id,cat_name,parent_id from category
use boolshop
set names utf8
select cat_id,cat_name,parent_id from category
use boolshop
set names utf8
select cat_id,cat_name,parent_id from category
use boolshop
set names utf8
select cat_id,cat_name,parent_id from category
use boolshop
set names utf8
select cat_id,cat_name,parent_id from category
use boolshop
set names utf8
select cat_id,cat_name,parent_id from category where parent_id=0
use boolshop
set names utf8
select cat_id,cat_name,parent_id from category where parent_id=0
use boolshop
set names utf8
select cat_id,cat_name,parent_id from category where parent_id=8
delete from category where cat_id=8
use boolshop
set names utf8
select cat_id,cat_name,parent_id from category where parent_id=7
delete from category where cat_id=7
use boolshop
set names utf8
select * from category where cat_id=0
select cat_id,cat_name,parent_id from category
use boolshop
set names utf8
select * from category where cat_id=0
select cat_id,cat_name,parent_id from category
use boolshop
set names utf8
select cat_id,cat_name,parent_id from category
update category set cat_name='第三',parent_id='0',intro='第三个分类' where cat_id=0
use boolshop
set names utf8
select cat_id,cat_name,parent_id from category
update category set cat_name='第三',parent_id='0',intro='第三个分类' where cat_id=0
use boolshop
set names utf8
insert into goods (goods_name,goods_sn,cat_id,shop_price,market_price,goods_desc,goods_weight,is_best,is_new,is_hot,is_on_sale,goods_brief,add_time) values ('山猫','001','6','99','88','','0','0','0','0','1','','1512375076')
use boolshop
set names utf8
insert into goods (goods_name,goods_sn,cat_id,shop_price,market_price,goods_desc,goods_weight,is_best,is_new,is_hot,is_on_sale,goods_brief,add_time) values ('阿狸','002','5','99','88','','0','0','0','0','1','','1512375108')
use boolshop
set names utf8
insert into goods (goods_name,goods_sn,cat_id,shop_price,market_price,goods_desc,goods_weight,is_best,is_new,is_hot,is_on_sale,goods_brief,add_time) values ('熊二','003','5','99','88','','0','0','0','0','1','','1512375127')
